[0829/043048.001:ERROR:process_reader_win.cc(123)] NtOpenThread: {Access Denied} A process has requested access to an object, but has not been granted those access rights. (0xc0000022)
[0829/043047.861:ERROR:process_reader_win.cc(123)] NtOpenThread: {Access Denied} A process has requested access to an object, but has not been granted those access rights. (0xc0000022)
[0829/043047.908:ERROR:process_reader_win.cc(123)] NtOpenThread: {Access Denied} A process has requested access to an object, but has not been granted those access rights. (0xc0000022)
[0829/043048.267:ERROR:exception_snapshot_win.cc(98)] thread ID 6760 not found in process
[0829/043047.861:ERROR:process_reader_win.cc(123)] NtOpenThread: {Access Denied} A process has requested access to an object, but has not been granted those access rights. (0xc0000022)
[0829/043048.267:ERROR:exception_snapshot_win.cc(98)] thread ID 7412 not found in process
[0829/043048.267:ERROR:exception_snapshot_win.cc(98)] thread ID 728 not found in process
[0829/043048.267:ERROR:exception_snapshot_win.cc(98)] thread ID 11124 not found in process
[0829/043047.876:ERROR:process_reader_win.cc(123)] NtOpenThread: {Access Denied} A process has requested access to an object, but has not been granted those access rights. (0xc0000022)
[0829/043047.861:ERROR:process_reader_win.cc(123)] NtOpenThread: {Access Denied} A process has requested access to an object, but has not been granted those access rights. (0xc0000022)
[0829/043048.267:ERROR:exception_snapshot_win.cc(98)] thread ID 1172 not found in process
[0829/043048.267:ERROR:exception_snapshot_win.cc(98)] thread ID 7228 not found in process
[0904/162431.129:ERROR:process_reader_win.cc(123)] NtOpenThread: {Access Denied} A process has requested access to an object, but has not been granted those access rights. (0xc0000022)
[0904/162431.239:ERROR:exception_snapshot_win.cc(99)] thread ID 4516 not found in process
[0904/181821.070:ERROR:process_reader_win.cc(123)] NtOpenThread: {Access Denied} A process has requested access to an object, but has not been granted those access rights. (0xc0000022)
[0904/181821.132:ERROR:exception_snapshot_win.cc(99)] thread ID 8044 not found in process
[0905/000425.020:ERROR:process_reader_win.cc(123)] NtOpenThread: {Access Denied} A process has requested access to an object, but has not been granted those access rights. (0xc0000022)
[0905/000425.020:ERROR:process_reader_win.cc(123)] NtOpenThread: {Access Denied} A process has requested access to an object, but has not been granted those access rights. (0xc0000022)
[0905/000425.020:ERROR:process_reader_win.cc(123)] NtOpenThread: {Access Denied} A process has requested access to an object, but has not been granted those access rights. (0xc0000022)
[0905/000425.567:ERROR:exception_snapshot_win.cc(99)] thread ID 8572 not found in process
[0905/000425.567:ERROR:exception_snapshot_win.cc(99)] thread ID 8564 not found in process
[0905/000425.567:ERROR:exception_snapshot_win.cc(99)] thread ID 8568 not found in process
[0907/003406.656:ERROR:process_reader_win.cc(123)] NtOpenThread: {Access Denied} A process has requested access to an object, but has not been granted those access rights. (0xc0000022)
[0907/003406.867:ERROR:process_reader_win.cc(123)] NtOpenThread: {Access Denied} A process has requested access to an object, but has not been granted those access rights. (0xc0000022)
[0907/003407.615:ERROR:exception_snapshot_win.cc(99)] thread ID 692 not found in process
[0907/003407.615:ERROR:exception_snapshot_win.cc(99)] thread ID 12152 not found in process
[0907/003407.684:ERROR:scoped_process_suspend.cc(40)] NtResumeProcess: An attempt was made to access an exiting process. (0xc000010a)
[0907/115804.734:ERROR:process_reader_win.cc(123)] NtOpenThread: {Access Denied} A process has requested access to an object, but has not been granted those access rights. (0xc0000022)
[0907/115804.843:ERROR:exception_snapshot_win.cc(99)] thread ID 8140 not found in process
[0910/180138.287:ERROR:process_reader_win.cc(123)] NtOpenThread: {Access Denied} A process has requested access to an object, but has not been granted those access rights. (0xc0000022)
[0910/180138.412:ERROR:exception_snapshot_win.cc(99)] thread ID 5240 not found in process
[0912/114321.353:ERROR:process_reader_win.cc(123)] NtOpenThread: {Access Denied} A process has requested access to an object, but has not been granted those access rights. (0xc0000022)
[0912/114322.150:ERROR:exception_snapshot_win.cc(99)] thread ID 6040 not found in process
[0913/032322.397:ERROR:scoped_process_suspend.cc(31)] NtSuspendProcess: An attempt was made to access an exiting process. (0xc000010a)
[0913/032322.662:ERROR:process_info.cc(118)] ReadProcessMemory bool __cdecl crashpad::(anonymous namespace)::ReadStruct(HANDLE, crashpad::WinVMAddress, T *) [T = crashpad::process_types::PEB<crashpad::process_types::internal::Traits64>]: Only part of a ReadProcessMemory or WriteProcessMemory request was completed. (0x12B)
[0913/032322.662:ERROR:process_info.cc(551)] ReadProcessData failed
[0914/014636.352:ERROR:process_reader_win.cc(123)] NtOpenThread: {Access Denied} A process has requested access to an object, but has not been granted those access rights. (0xc0000022)
[0914/014636.352:ERROR:process_reader_win.cc(123)] NtOpenThread: {Access Denied} A process has requested access to an object, but has not been granted those access rights. (0xc0000022)
[0914/014636.352:ERROR:process_reader_win.cc(123)] NtOpenThread: {Access Denied} A process has requested access to an object, but has not been granted those access rights. (0xc0000022)
[0914/014636.352:ERROR:process_reader_win.cc(123)] NtOpenThread: {Access Denied} A process has requested access to an object, but has not been granted those access rights. (0xc0000022)
[0914/014636.352:ERROR:process_reader_win.cc(123)] NtOpenThread: {Access Denied} A process has requested access to an object, but has not been granted those access rights. (0xc0000022)
[0914/014636.352:ERROR:process_reader_win.cc(123)] NtOpenThread: {Access Denied} A process has requested access to an object, but has not been granted those access rights. (0xc0000022)
[0914/014636.352:ERROR:process_reader_win.cc(123)] NtOpenThread: {Access Denied} A process has requested access to an object, but has not been granted those access rights. (0xc0000022)
[0914/014637.012:ERROR:exception_snapshot_win.cc(99)] thread ID 7688 not found in process
[0914/014637.012:ERROR:exception_snapshot_win.cc(99)] thread ID 9088 not found in process
[0914/014637.012:ERROR:exception_snapshot_win.cc(99)] thread ID 10304 not found in process
[0914/014637.012:ERROR:exception_snapshot_win.cc(99)] thread ID 6372 not found in process
[0914/014637.012:ERROR:exception_snapshot_win.cc(99)] thread ID 4316 not found in process
[0914/014637.012:ERROR:exception_snapshot_win.cc(99)] thread ID 420 not found in process
[0914/014637.012:ERROR:exception_snapshot_win.cc(99)] thread ID 2996 not found in process
[0914/170320.466:ERROR:process_info.cc(329)] VirtualQueryEx: Access is denied. (0x5)
[0914/170320.550:ERROR:process_info.cc(556)] ReadMemoryInfo failed
[0914/170320.597:ERROR:scoped_process_suspend.cc(40)] NtResumeProcess: An attempt was made to access an exiting process. (0xc000010a)
[0915/000451.441:ERROR:process_reader_win.cc(123)] NtOpenThread: {Access Denied} A process has requested access to an object, but has not been granted those access rights. (0xc0000022)
[0915/000451.441:ERROR:process_reader_win.cc(123)] NtOpenThread: {Access Denied} A process has requested access to an object, but has not been granted those access rights. (0xc0000022)
[0915/000451.441:ERROR:process_reader_win.cc(123)] NtOpenThread: {Access Denied} A process has requested access to an object, but has not been granted those access rights. (0xc0000022)
[0915/000451.441:ERROR:process_reader_win.cc(123)] NtOpenThread: {Access Denied} A process has requested access to an object, but has not been granted those access rights. (0xc0000022)
[0915/000451.441:ERROR:process_reader_win.cc(123)] NtOpenThread: {Access Denied} A process has requested access to an object, but has not been granted those access rights. (0xc0000022)
[0915/000451.956:ERROR:exception_snapshot_win.cc(99)] thread ID 636 not found in process
[0915/000451.956:ERROR:exception_snapshot_win.cc(99)] thread ID 9252 not found in process
[0915/000451.956:ERROR:exception_snapshot_win.cc(99)] thread ID 2384 not found in process
[0915/000452.034:ERROR:exception_snapshot_win.cc(99)] thread ID 8796 not found in process
[0915/000451.956:ERROR:exception_snapshot_win.cc(99)] thread ID 10224 not found in process
[0918/232430.572:ERROR:process_reader_win.cc(123)] NtOpenThread: {Access Denied} A process has requested access to an object, but has not been granted those access rights. (0xc0000022)
[0918/232430.572:ERROR:process_reader_win.cc(123)] NtOpenThread: {Access Denied} A process has requested access to an object, but has not been granted those access rights. (0xc0000022)
[0918/232430.779:ERROR:exception_snapshot_win.cc(99)] thread ID 6168 not found in process
[0918/232430.779:ERROR:exception_snapshot_win.cc(99)] thread ID 2980 not found in process
[0921/043508.730:ERROR:process_reader_win.cc(123)] NtOpenThread: {Access Denied} A process has requested access to an object, but has not been granted those access rights. (0xc0000022)
[0921/043508.730:ERROR:process_reader_win.cc(123)] NtOpenThread: {Access Denied} A process has requested access to an object, but has not been granted those access rights. (0xc0000022)
[0921/043508.946:ERROR:exception_snapshot_win.cc(99)] thread ID 3820 not found in process
[0921/043508.946:ERROR:exception_snapshot_win.cc(99)] thread ID 3600 not found in process
